{
  "RSpec": {
    "coverage": {
      "/home/sunilsurap/exercise/post/app/controllers/pposts_controller.rb": [
        1,
        1,
        1,
        null,
        null,
        null,
        1,
        11,
        null,
        null,
        null,
        null,
        1,
        null,
        null,
        null,
        1,
        2,
        null,
        null,
        null,
        1,
        null,
        null,
        null,
        null,
        1,
        3,
        null,
        3,
        3,
        6,
        3,
        null,
        0,
        0,
        null,
        null,
        null,
        null,
        null,
        null,
        1,
        1,
        1,
        2,
        1,
        null,
        0,
        0,
        null,
        null,
        null,
        null,
        null,
        null,
        1,
        1,
        1,
        2,
        1,
        null,
        null,
        null,
        1,
        null,
        1,
        9,
        null,
        null,
        null,
        1,
        4,
        null,
        null
      ],
      "/home/sunilsurap/exercise/post/app/controllers/application_controller.rb": [
        1,
        null,
        null,
        1,
        null
      ],
      "/home/sunilsurap/exercise/post/app/models/ppost.rb": [
        1,
        1,
        1,
        null
      ],
      "/home/sunilsurap/exercise/post/app/models/comment.rb": [
        1,
        1,
        1,
        null
      ],
      "/home/sunilsurap/exercise/post/app/controllers/comments_controller.rb": [
        0,
        0,
        0,
        0,
        0,
        0,
        0,
        0,
        0,
        0,
        0,
        0,
        0,
        0,
        0,
        0,
        0,
        0,
        0,
        0,
        0,
        0,
        0,
        0,
        0,
        0,
        0,
        0,
        0,
        0,
        0,
        0,
        0,
        0,
        0,
        0,
        0,
        0,
        0,
        0,
        0,
        0,
        0,
        0,
        0,
        0,
        0,
        0,
        0,
        0,
        0,
        0,
        0,
        0,
        0,
        0,
        0,
        0,
        0,
        0,
        0,
        0,
        0,
        0,
        0,
        0,
        0,
        0,
        0,
        0,
        0,
        0,
        0,
        0,
        0,
        0,
        0,
        0,
        0,
        0,
        0,
        0,
        0,
        0,
        0,
        0
      ],
      "/home/sunilsurap/exercise/post/app/controllers/registrations_controller.rb": [
        0,
        0,
        0,
        0,
        0,
        0,
        0,
        0,
        0
      ],
      "/home/sunilsurap/exercise/post/app/helpers/application_helper.rb": [
        0,
        0
      ],
      "/home/sunilsurap/exercise/post/app/helpers/pposts_helper.rb": [
        0,
        0
      ],
      "/home/sunilsurap/exercise/post/app/helpers/comments_helper.rb": [
        0,
        0
      ],
      "/home/sunilsurap/exercise/post/app/helpers/registrations_helper.rb": [
        0,
        0
      ],
      "/home/sunilsurap/exercise/post/app/models/user.rb": [
        0,
        0,
        0,
        0,
        0,
        0,
        0,
        0,
        0
      ]
    },
    "timestamp": 1490045796
  }
}
